#
# There is insufficient memory for the Java Runtime Environment to continue.
# Native memory allocation (mmap) failed to map 234881024 bytes. Error detail: G1 virtual space
# Possible reasons:
#   The system is out of physical RAM or swap space
#   This process is running with CompressedOops enabled, and the Java Heap may be blocking the growth of the native heap
# Possible solutions:
#   Reduce memory load on the system
#   Increase physical memory or swap space
#   Check if swap backing store is full
#   Decrease Java heap size (-Xmx/-Xms)
#   Decrease number of Java threads
#   Decrease Java thread stack sizes (-Xss)
#   Set larger code cache with -XX:ReservedCodeCacheSize=
#   JVM is running with Zero Based Compressed Oops mode in which the Java heap is
#     placed in the first 32GB address space. The Java Heap base address is the
#     maximum limit for the native heap growth. Please use -XX:HeapBaseMinAddress
#     to set the Java Heap base and to place the Java Heap above 32GB virtual address.
# This output file may be truncated or incomplete.
#
#  Out of Memory Error (os_windows.cpp:3554), pid=19968, tid=12468
#
# JRE version:  (25.0.2+10) (build )
# Java VM: OpenJDK 64-Bit Server VM (25.0.2+10-LTS, mixed mode, sharing, tiered, compressed oops, compressed class ptrs, g1 gc, windows-amd64)
# No core dump will be written. Minidumps are not enabled by default on client versions of Windows
#

---------------  S U M M A R Y ------------

Command Line: -Dfile.encoding=UTF-8 --module-path=C:\Users\oniel\OneDrive\Documentos\NetBeansProjects\JavaApplication1\build\classes javaapplication1.Main

Host: AMD Ryzen 7 PRO 3700U w/ Radeon Vega Mobile Gfx, 8 cores, 13G,  Windows 11 , 64 bit Build 26100 (10.0.26100.7920)
Time: Fri Apr 10 00:20:18 2026 Hora estándar oeste, Sudamérica elapsed time: 0.038808 seconds (0d 0h 0m 0s)

---------------  T H R E A D  ---------------

Current thread (0x000001f36a4fd620):  JavaThread "Unknown thread" [_thread_in_vm, id=12468, stack(0x000000cf3b500000,0x000000cf3b600000) (1024K)]

Stack: [0x000000cf3b500000,0x000000cf3b600000]
Native frames: (J=compiled Java code, j=interpreted, Vv=VM code, C=native code)
V  [jvm.dll+0x7a8bc9]  (no source info available)
V  [jvm.dll+0x77310d]  (no source info available)
V  [jvm.dll+0x9f55f3]  (no source info available)
V  [jvm.dll+0x9f7be1]  (no source info available)
V  [jvm.dll+0x9f82f3]  (no source info available)
V  [jvm.dll+0x2fce26]  (no source info available)
V  [jvm.dll+0x7a4df5]  (no source info available)
V  [jvm.dll+0x798257]  (no source info available)
V  [jvm.dll+0x3f5248]  (no source info available)
V  [jvm.dll+0x3fd1b6]  (no source info available)
V  [jvm.dll+0x3e991e]  (no source info available)
V  [jvm.dll+0x3e9bd8]  (no source info available)
V  [jvm.dll+0x3c0c05]  (no source info available)
V  [jvm.dll+0x3c188e]  (no source info available)
V  [jvm.dll+0x9bc474]  (no source info available)
V  [jvm.dll+0x459e72]  (no source info available)
V  [jvm.dll+0x9a02a2]  (no source info available)
V  [jvm.dll+0x4fa5c1]  (no source info available)
V  [jvm.dll+0x4fbeb1]  (no source info available)
C  [jli.dll+0x53fa]  (no source info available)
C  [ucrtbase.dll+0x37b0]  (no source info available)
C  [KERNEL32.DLL+0x2e8d7]  (no source info available)
C  [ntdll.dll+0x8c48c]  (no source info available)

Lock stack of current Java thread (top to bottom):


---------------  P R O C E S S  ---------------

Threads class SMR info:
_java_thread_list=0x00007ffb6b4de008, length=0, elements={
}

Java Threads: ( => current thread )
Total: 0

Other Threads:
  0x000001f36c82cbc0 WorkerThread "GC Thread#0"                     [id=20952, stack(0x000000cf3b600000,0x000000cf3b700000) (1024K)]
  0x000001f36c843940 ConcurrentGCThread "G1 Main Marker"            [id=20000, stack(0x000000cf3b700000,0x000000cf3b800000) (1024K)]
  0x000001f36c844c80 WorkerThread "G1 Conc#0"                       [id=15556, stack(0x000000cf3b800000,0x000000cf3b900000) (1024K)]

[error occurred during error reporting (printing all threads), id 0xc0000005, EXCEPTION_ACCESS_VIOLATION (0xc0000005) at pc=0x00007ffb6ab0591a]
VM state: not at safepoint (not fully initialized)

VM Mutex/Monitor currently owned by a thread:  ([mutex/lock_event])
[0x00007ffb6b566548] Heap_lock - owner thread: 0x000001f36a4fd620

Heap address: 0x0000000721800000, size: 3560 MB, Compressed Oops mode: Zero based, Oop shift amount: 3

CDS archive(s) mapped at: [0x0000000000000000-0x0000000000000000-0x0000000000000000), size 0, SharedBaseAddress: 0x0000000800000000, ArchiveRelocationMode: 1.
UseCompressedClassPointers 1, UseCompactObjectHeaders 0
Narrow klass pointer bits 32, Max shift 3
Narrow klass base: 0xffffffffffffffff, Narrow klass shift: -1
Encoding Range: [0xffffffffffffffff - 0x000000007fffffff), (2147483648 bytes)
Klass Range:    [0x0000000000000000 - 0x0000000000000000), (0 bytes)
Klass ID Range:  [4294967295 - 0) (1)
No protection zone.

GC Precious Log:
 CardTable entry size: 512
 Card Set container configuration: InlinePtr #cards 4 size 8 Array Of Cards #cards 16 size 48 Howl #buckets 8 coarsen threshold 3686 Howl Bitmap #cards 512 size 80 coarsen threshold 460 Card regions per heap region 1 cards per card region 4096

Heap:
 garbage-first heap   total reserved 3645440K, committed 0K, used 0K [0x0000000721800000, 0x0000000800000000)
  region size 2048K, 0 young (0K), 0 survivors (0K)

Heap Regions: E=young(eden), S=young(survivor), O=old, HS=humongous(starts), HC=humongous(continues), CS=collection set, F=free, TAMS=top-at-mark-start, PB=parsable bottom

Card table byte_map: [0x000001f375d00000,0x000001f376400000] _byte_map_base: 0x000001f3723f4000

Marking Bits: (CMBitMap*) 0x000001f36c82d350
 Bits: [0x000001f376400000, 0x000001f379ba0000)

GC Heap Usage History (0 events):
No events

Metaspace Usage History (0 events):
No events

Dll operation events (1 events):
Event: 0.027 Loaded shared library C:\Program Files\Apache NetBeans\jdk\bin\java.dll

Deoptimization events (0 events):
No events

Classes loaded (0 events):
No events

Classes unloaded (0 events):
No events

Classes redefined (0 events):
No events

Internal exceptions (0 events):
No events

VM Operations (0 events):
No events

Memory protections (0 events):
No events

Nmethod flushes (0 events):
No events

Events (0 events):
No events


Dynamic libraries:
0x00007ff7bbb70000 - 0x00007ff7bbb7e000 	C:\Program Files\Apache NetBeans\jdk\bin\java.exe
0x00007ffc638a0000 - 0x00007ffc63b07000 	C:\WINDOWS\SYSTEM32\ntdll.dll
0x00007ffc63470000 - 0x00007ffc63539000 	C:\WINDOWS\System32\KERNEL32.DLL
0x00007ffc60380000 - 0x00007ffc60771000 	C:\WINDOWS\System32\KERNELBASE.dll
0x00007ffc60180000 - 0x00007ffc602cb000 	C:\WINDOWS\System32\ucrtbase.dll
0x00007ffc5b410000 - 0x00007ffc5b42e000 	C:\Program Files\Apache NetBeans\jdk\bin\VCRUNTIME140.dll
0x00007ffc59950000 - 0x00007ffc59966000 	C:\Program Files\Apache NetBeans\jdk\bin\jli.dll
0x00007ffc62b40000 - 0x00007ffc62d05000 	C:\WINDOWS\System32\USER32.dll
0x00007ffc61210000 - 0x00007ffc61237000 	C:\WINDOWS\System32\win32u.dll
0x00007ffc4fd50000 - 0x00007ffc4ffe3000 	C:\WINDOWS\WinSxS\amd64_microsoft.windows.common-controls_6595b64144ccf1df_6.0.26100.8037_none_3e092faae333b53b\COMCTL32.dll
0x00007ffc62d30000 - 0x00007ffc62d5b000 	C:\WINDOWS\System32\GDI32.dll
0x00007ffc61880000 - 0x00007ffc61929000 	C:\WINDOWS\System32\msvcrt.dll
0x00007ffc61480000 - 0x00007ffc615ab000 	C:\WINDOWS\System32\gdi32full.dll
0x00007ffc60780000 - 0x00007ffc60823000 	C:\WINDOWS\System32\msvcp_win.dll
0x00007ffc61d80000 - 0x00007ffc61db1000 	C:\WINDOWS\System32\IMM32.DLL
0x00007ffc5b5a0000 - 0x00007ffc5b5ac000 	C:\Program Files\Apache NetBeans\jdk\bin\vcruntime140_1.dll
0x00007ffc349a0000 - 0x00007ffc34a2d000 	C:\Program Files\Apache NetBeans\jdk\bin\msvcp140.dll
0x00007ffb6a730000 - 0x00007ffb6b656000 	C:\Program Files\Apache NetBeans\jdk\bin\server\jvm.dll
0x00007ffc617c0000 - 0x00007ffc6187b000 	C:\WINDOWS\System32\ADVAPI32.dll
0x00007ffc635c0000 - 0x00007ffc63667000 	C:\WINDOWS\System32\sechost.dll
0x00007ffc63340000 - 0x00007ffc63458000 	C:\WINDOWS\System32\RPCRT4.dll
0x00007ffc62d70000 - 0x00007ffc62de4000 	C:\WINDOWS\System32\WS2_32.dll
0x00007ffc57f10000 - 0x00007ffc57f45000 	C:\WINDOWS\SYSTEM32\WINMM.dll
0x00007ffc5ffe0000 - 0x00007ffc6003e000 	C:\WINDOWS\SYSTEM32\POWRPROF.dll
0x00007ffc59380000 - 0x00007ffc5938b000 	C:\WINDOWS\SYSTEM32\VERSION.dll
0x00007ffc5ffc0000 - 0x00007ffc5ffd4000 	C:\WINDOWS\SYSTEM32\UMPDC.dll
0x00007ffc5ef10000 - 0x00007ffc5ef2b000 	C:\WINDOWS\SYSTEM32\kernel.appcore.dll
0x00007ffc5a250000 - 0x00007ffc5a25a000 	C:\Program Files\Apache NetBeans\jdk\bin\jimage.dll
0x00007ffc5e1b0000 - 0x00007ffc5e3f2000 	C:\WINDOWS\SYSTEM32\DBGHELP.DLL
0x00007ffc62eb0000 - 0x00007ffc63232000 	C:\WINDOWS\System32\combase.dll
0x00007ffc62250000 - 0x00007ffc62327000 	C:\WINDOWS\System32\OLEAUT32.dll
0x00007ffc52f80000 - 0x00007ffc52fbb000 	C:\WINDOWS\SYSTEM32\dbgcore.DLL
0x00007ffc602d0000 - 0x00007ffc60375000 	C:\WINDOWS\System32\bcryptPrimitives.dll
0x00007ffc59b30000 - 0x00007ffc59b4e000 	C:\Program Files\Apache NetBeans\jdk\bin\java.dll
0x00007ffc61b90000 - 0x00007ffc61d25000 	C:\WINDOWS\System32\ole32.dll
0x00007ffc62330000 - 0x00007ffc62a8f000 	C:\WINDOWS\System32\SHELL32.dll
0x00007ffc610a0000 - 0x00007ffc6120a000 	C:\WINDOWS\System32\wintypes.dll

JVMTI agents: none

dbghelp: loaded successfully - version: 4.0.5 - missing functions: none
symbol engine: initialized successfully - sym options: 0x614 - pdb path: .;C:\Program Files\Apache NetBeans\jdk\bin;C:\WINDOWS\SYSTEM32;C:\WINDOWS\WinSxS\amd64_microsoft.windows.common-controls_6595b64144ccf1df_6.0.26100.8037_none_3e092faae333b53b;C:\Program Files\Apache NetBeans\jdk\bin\server

VM Arguments:
jvm_args: -Dfile.encoding=UTF-8 --module-path=C:\Users\oniel\OneDrive\Documentos\NetBeansProjects\JavaApplication1\build\classes 
java_command: javaapplication1.Main
java_class_path (initial): C:\Users\oniel\OneDrive\Documentos\NetBeansProjects\JavaApplication1\build\classes
Launcher Type: SUN_STANDARD

[Global flags]
     intx CICompilerCount                          = 4                                         {product} {ergonomic}
     uint ConcGCThreads                            = 2                                         {product} {ergonomic}
     uint G1ConcRefinementThreads                  = 8                                         {product} {ergonomic}
   size_t G1HeapRegionSize                         = 2097152                                   {product} {ergonomic}
   size_t InitialHeapSize                          = 234881024                                 {product} {ergonomic}
   size_t MarkStackSize                            = 4194304                                   {product} {ergonomic}
   size_t MarkStackSizeMax                         = 536870912                                 {product} {ergonomic}
   size_t MaxHeapSize                              = 3732930560                                {product} {ergonomic}
   size_t MinHeapDeltaBytes                        = 2097152                                   {product} {ergonomic}
   size_t MinHeapSize                              = 8388608                                   {product} {ergonomic}
    uintx NonNMethodCodeHeapSize                   = 5832704                                {pd product} {ergonomic}
    uintx NonProfiledCodeHeapSize                  = 122945536                              {pd product} {ergonomic}
    uintx ProfiledCodeHeapSize                     = 122880000                              {pd product} {ergonomic}
    uintx ReservedCodeCacheSize                    = 251658240                              {pd product} {ergonomic}
     bool SegmentedCodeCache                       = true                                      {product} {ergonomic}
   size_t SoftMaxHeapSize                          = 3732930560                             {manageable} {ergonomic}
     bool UseCompressedOops                        = true                           {product lp64_product} {ergonomic}
     bool UseG1GC                                  = true                                      {product} {ergonomic}
     bool UseLargePagesIndividualAllocation        = false                                  {pd product} {ergonomic}

Logging:
Log output configuration:
 #0: stdout all=warning uptime,level,tags foldmultilines=false
 #1: stderr all=off uptime,level,tags foldmultilines=false

Release file:
<release file has not been read>
Environment Variables:
PATH=C:\Users\oniel\OneDrive\Escritorio\Oralcesql\11\bin;C:\app\oniel\product\21c\dbhomeXE\bin;C:\Program Files\Common Files\Oracle\Java\javapath;C:\Program Files\Python314\Scripts\;C:\Program Files\Python314\;C:\Program Files (x86)\Common Files\Intel\Shared Libraries\redist\intel64\compiler;C:\WINDOWS\system32;C:\WINDOWS;C:\WINDOWS\System32\Wbem;C:\WINDOWS\System32\WindowsPowerShell\v1.0\;C:\WINDOWS\System32\OpenSSH\;C:\Program Files\dotnet\;C:\Program Files (x86)\Microsoft SQL Server\160\Tools\Binn\;C:\Program Files\Microsoft SQL Server\160\Tools\Binn\;C:\Program Files\Microsoft SQL Server\Client SDK\ODBC\170\Tools\Binn\;C:\Program Files\Microsoft SQL Server\160\DTS\Binn\;C:\Program Files\nodejs\;C:\Program Files (x86)\Microsoft SQL Server\160\DTS\Binn\;C:\Users\oniel\AppData\Local\Microsoft\WindowsApps;C:\Users\oniel\.dotnet\tools;C:\Users\oniel\AppData\Local\Programs\Microsoft VS Code\bin;C:\Users\oniel\AppData\Roaming\npm;C:\Users\oniel\AppData\Local\GitHubDesktop\bin;C:\Users\oniel\AppData\Local\Python\bin;C:\Program Files\Apache NetBeans\bin\
USERNAME=oniel
OS=Windows_NT
PROCESSOR_IDENTIFIER=AMD64 Family 23 Model 24 Stepping 1, AuthenticAMD
TMP=C:\Users\oniel\AppData\Local\Temp
TEMP=C:\Users\oniel\AppData\Local\Temp




Compilation memory statistics disabled.

Periodic native trim disabled

---------------  S Y S T E M  ---------------

OS:
 Windows 11 , 64 bit Build 26100 (10.0.26100.7920)
OS uptime: 4 days 4:20 hours

CPU: total 8 (initial active 8) (8 cores per cpu, 2 threads per core) family 23 model 24 stepping 1 microcode 0x810810e, cx8, cmov, fxsr, ht, mmx, 3dnowpref, sse, sse2, sse3, ssse3, sse4a, sse4.1, sse4.2, popcnt, lzcnt, tsc, tscinvbit, avx, avx2, aes, clmul, bmi1, bmi2, adx, sha, fma, vzeroupper, clflush, clflushopt, rdtscp, f16c
Processor Information for the first 8 processors :
  Max Mhz: 2300, Current Mhz: 2300, Mhz Limit: 2300

Memory: 4k page, system-wide physical 14237M (1776M free)
TotalPageFile size 26116M (AvailPageFile size 31M)
current process WorkingSet (physical memory assigned to process): 14M, peak: 14M
current process commit charge ("private bytes"): 61M, peak: 284M

vm_info: OpenJDK 64-Bit Server VM (25.0.2+10-LTS) for windows-amd64 JRE (25.0.2+10-LTS), built on 2026-01-20T00:00:00Z with MS VC++ 17.12 (VS2022)

END.
